mode: atomic
github.com/adrianomr/investments/src/application/controllers/cdb_controller.go:17.40,22.2 1 1
github.com/adrianomr/investments/src/application/controllers/cdb_controller.go:24.53,39.2 1 1
github.com/adrianomr/investments/src/application/controllers/cdb_controller.go:48.62,53.16 4 3
github.com/adrianomr/investments/src/application/controllers/cdb_controller.go:53.16,56.3 2 1
github.com/adrianomr/investments/src/application/controllers/cdb_controller.go:57.2,61.16 3 2
github.com/adrianomr/investments/src/application/controllers/cdb_controller.go:61.16,64.3 2 1
github.com/adrianomr/investments/src/application/controllers/cdb_controller.go:65.2,65.46 1 1
github.com/adrianomr/investments/src/application/controllers/cdb_controller.go:75.67,78.16 3 6
github.com/adrianomr/investments/src/application/controllers/cdb_controller.go:78.16,81.3 2 1
github.com/adrianomr/investments/src/application/controllers/cdb_controller.go:83.2,85.16 3 5
github.com/adrianomr/investments/src/application/controllers/cdb_controller.go:85.16,88.3 2 3
github.com/adrianomr/investments/src/application/controllers/cdb_controller.go:89.2,94.16 4 2
github.com/adrianomr/investments/src/application/controllers/cdb_controller.go:94.16,97.3 2 1
github.com/adrianomr/investments/src/application/controllers/cdb_controller.go:98.2,98.46 1 1
github.com/adrianomr/investments/src/domain/usecases/cdb_create.go:16.32,18.2 1 1
github.com/adrianomr/investments/src/domain/usecases/cdb_create.go:24.89,27.2 2 0
github.com/adrianomr/investments/src/domain/usecases/cdb_order_create.go:16.42,18.2 1 1
github.com/adrianomr/investments/src/domain/usecases/cdb_order_create.go:24.106,27.2 2 0
github.com/adrianomr/investments/src/domain/usecases/mock/cdb_create_mock.go:32.65,36.2 3 2
github.com/adrianomr/investments/src/domain/usecases/mock/cdb_create_mock.go:39.63,41.2 1 2
github.com/adrianomr/investments/src/domain/usecases/mock/cdb_create_mock.go:44.93,50.2 5 2
github.com/adrianomr/investments/src/domain/usecases/mock/cdb_create_mock.go:53.74,56.2 2 2
github.com/adrianomr/investments/src/domain/usecases/mock/cdb_order_create_mock.go:32.75,36.2 3 2
github.com/adrianomr/investments/src/domain/usecases/mock/cdb_order_create_mock.go:39.73,41.2 1 2
github.com/adrianomr/investments/src/domain/usecases/mock/cdb_order_create_mock.go:44.110,50.2 5 2
github.com/adrianomr/investments/src/domain/usecases/mock/cdb_order_create_mock.go:53.81,56.2 2 2
github.com/adrianomr/investments/src/infra/repositories/cdb_order_repository.go:19.49,21.2 1 1
github.com/adrianomr/investments/src/infra/repositories/cdb_order_repository.go:23.102,26.2 2 0
github.com/adrianomr/investments/src/infra/repositories/cdb_order_repository.go:28.93,31.2 2 0
github.com/adrianomr/investments/src/infra/repositories/cdb_repository.go:19.39,21.2 1 1
github.com/adrianomr/investments/src/infra/repositories/cdb_repository.go:23.78,26.2 2 0
github.com/adrianomr/investments/src/infra/repositories/cdb_repository.go:28.92,31.2 2 0
github.com/adrianomr/investments/src/domain/usecases/cdb_create.go:16.32,18.2 1 1
github.com/adrianomr/investments/src/domain/usecases/cdb_create.go:24.89,27.2 2 2
github.com/adrianomr/investments/src/domain/usecases/cdb_order_create.go:16.42,18.2 1 1
github.com/adrianomr/investments/src/domain/usecases/cdb_order_create.go:24.106,27.2 2 2
github.com/adrianomr/investments/src/infra/repositories/cdb_order_repository.go:19.49,21.2 1 1
github.com/adrianomr/investments/src/infra/repositories/cdb_order_repository.go:23.102,26.2 2 0
github.com/adrianomr/investments/src/infra/repositories/cdb_order_repository.go:28.93,31.2 2 0
github.com/adrianomr/investments/src/infra/repositories/cdb_repository.go:19.39,21.2 1 1
github.com/adrianomr/investments/src/infra/repositories/cdb_repository.go:23.78,26.2 2 0
github.com/adrianomr/investments/src/infra/repositories/cdb_repository.go:28.92,31.2 2 0
github.com/adrianomr/investments/src/infra/repositories/mock/cdb_order_repository_mock.go:33.81,37.2 3 1
github.com/adrianomr/investments/src/infra/repositories/mock/cdb_order_repository_mock.go:40.79,42.2 1 2
github.com/adrianomr/investments/src/infra/repositories/mock/cdb_order_repository_mock.go:45.95,50.2 4 2
github.com/adrianomr/investments/src/infra/repositories/mock/cdb_order_repository_mock.go:53.86,56.2 2 2
github.com/adrianomr/investments/src/infra/repositories/mock/cdb_order_repository_mock.go:59.104,65.2 5 0
github.com/adrianomr/investments/src/infra/repositories/mock/cdb_order_repository_mock.go:68.82,71.2 2 0
github.com/adrianomr/investments/src/infra/repositories/mock/cdb_repository_mock.go:33.71,37.2 3 1
github.com/adrianomr/investments/src/infra/repositories/mock/cdb_repository_mock.go:40.69,42.2 1 2
github.com/adrianomr/investments/src/infra/repositories/mock/cdb_repository_mock.go:45.80,50.2 4 2
github.com/adrianomr/investments/src/infra/repositories/mock/cdb_repository_mock.go:53.76,56.2 2 2
github.com/adrianomr/investments/src/infra/repositories/mock/cdb_repository_mock.go:59.94,65.2 5 0
github.com/adrianomr/investments/src/infra/repositories/mock/cdb_repository_mock.go:68.77,71.2 2 0
github.com/adrianomr/investments/src/infra/repositories/cdb_order_repository.go:19.49,21.2 1 1
github.com/adrianomr/investments/src/infra/repositories/cdb_order_repository.go:23.102,26.2 2 1
github.com/adrianomr/investments/src/infra/repositories/cdb_order_repository.go:28.93,31.2 2 1
github.com/adrianomr/investments/src/infra/repositories/cdb_repository.go:19.39,21.2 1 1
github.com/adrianomr/investments/src/infra/repositories/cdb_repository.go:23.78,26.2 2 1
github.com/adrianomr/investments/src/infra/repositories/cdb_repository.go:28.92,31.2 2 1
